<?xml version="1.0" encoding="UTF-8"?>
<!-- Generated by org.testng.reporters.JUnitXMLReporter -->
<testsuite ignored="16" hostname="DESKTOP-SGPL51T" failures="0" tests="9" name="Nopackage" time="157.199" errors="0" timestamp="2022-01-25T14:31:18 AEDT">
  <testcase classname="com.rbc.testCase.LoginInToTeams" name="LoginTest" time="22.961"/>
  <testcase classname="com.rbc.testCase.NavigateToRBC" name="RoleBaseCommunicator" time="4.928"/>
  <testcase classname="com.rbc.testCase.ClockOnRoleFromChat" name="ClockOnRoleeee" time="14.236"/>
  <testcase classname="com.rbc.testCase.RoleSelect" name="SelectRole" time="21.452"/>
  <testcase classname="com.rbc.testCase.RoleSelectValidation" name="SelectRoleValidation" time="0.106"/>
  <testcase classname="com.rbc.testCase.GetInTouchWithaRole" name="GetInTouch" time="35.687"/>
  <testcase classname="com.rbc.testCase.GetInTouchWithaRoleValidation" name="GetInTouchValidation" time="20.458"/>
  <testcase classname="com.rbc.testCase.Message" name="MessageDlg" time="17.787"/>
  <testcase classname="com.rbc.testCase.Respond" name="RespondToMsg" time="19.098"/>
  <testcase classname="com.rbc.testCase.BaseClass" name="@BeforeSuite SetUp" time="0.0">
    <ignored/>
  </testcase> <!-- @BeforeSuite SetUp -->
  <testcase classname="com.rbc.testCase.BaseClass" name="@BeforeSuite SetUp" time="0.0">
    <ignored/>
  </testcase> <!-- @BeforeSuite SetUp -->
  <testcase classname="com.rbc.testCase.BaseClass" name="@BeforeSuite SetUp" time="0.0">
    <ignored/>
  </testcase> <!-- @BeforeSuite SetUp -->
  <testcase classname="com.rbc.testCase.BaseClass" name="@BeforeSuite SetUp" time="0.0">
    <ignored/>
  </testcase> <!-- @BeforeSuite SetUp -->
  <testcase classname="com.rbc.testCase.BaseClass" name="@BeforeSuite SetUp" time="0.0">
    <ignored/>
  </testcase> <!-- @BeforeSuite SetUp -->
  <testcase classname="com.rbc.testCase.BaseClass" name="@BeforeSuite SetUp" time="0.0">
    <ignored/>
  </testcase> <!-- @BeforeSuite SetUp -->
  <testcase classname="com.rbc.testCase.BaseClass" name="@BeforeSuite SetUp" time="0.0">
    <ignored/>
  </testcase> <!-- @BeforeSuite SetUp -->
  <testcase classname="com.rbc.testCase.BaseClass" name="@BeforeSuite SetUp" time="0.0">
    <ignored/>
  </testcase> <!-- @BeforeSuite SetUp -->
  <testcase classname="com.rbc.testCase.BaseClass" name="@AfterSuite tearDown" time="0.0">
    <ignored/>
  </testcase> <!-- @AfterSuite tearDown -->
  <testcase classname="com.rbc.testCase.BaseClass" name="@AfterSuite tearDown" time="0.0">
    <ignored/>
  </testcase> <!-- @AfterSuite tearDown -->
  <testcase classname="com.rbc.testCase.BaseClass" name="@AfterSuite tearDown" time="0.0">
    <ignored/>
  </testcase> <!-- @AfterSuite tearDown -->
  <testcase classname="com.rbc.testCase.BaseClass" name="@AfterSuite tearDown" time="0.0">
    <ignored/>
  </testcase> <!-- @AfterSuite tearDown -->
  <testcase classname="com.rbc.testCase.BaseClass" name="@AfterSuite tearDown" time="0.0">
    <ignored/>
  </testcase> <!-- @AfterSuite tearDown -->
  <testcase classname="com.rbc.testCase.BaseClass" name="@AfterSuite tearDown" time="0.0">
    <ignored/>
  </testcase> <!-- @AfterSuite tearDown -->
  <testcase classname="com.rbc.testCase.BaseClass" name="@AfterSuite tearDown" time="0.0">
    <ignored/>
  </testcase> <!-- @AfterSuite tearDown -->
  <testcase classname="com.rbc.testCase.BaseClass" name="@AfterSuite tearDown" time="0.0">
    <ignored/>
  </testcase> <!-- @AfterSuite tearDown -->
</testsuite> <!-- Nopackage -->
